<?xml version="1.0" encoding="UTF-8"?>
<!-- Generated by org.testng.reporters.JUnitReportReporter -->
<testsuite skipped="0" hostname="sys-PC" name="com.ypo.base.Baseclasss" tests="1" failures="0" timestamp="04 Jul 2019 02:23:28 GMT" time="8.814" errors="0">
  <testcase name="testfire" time="8.814" classname="com.ypo.base.Baseclasss"/>
</testsuite> <!-- com.ypo.base.Baseclasss -->
